<?xml version="1.0" encoding="UTF-8"?>
<!-- Generated by org.testng.reporters.JUnitReportReporter -->
<testsuite skipped="0" hostname="Debojyoti" name="base.test" tests="1" failures="0" timestamp="27 Jan 2019 19:07:44 GMT" time="0.739" errors="0">
  <testcase name="add" time="0.739" classname="base.test"/>
</testsuite> <!-- base.test -->
